sudo make install
install -d /usr/local/ogdf/lib
install -m 0644 _release/libOGDF.a /usr/local/ogdf/lib/
install -m 0644 _release/libCOIN.a /usr/local/ogdf/lib/
install -d /usr/local/ogdf/include/ogdf
install -d /usr/local/ogdf/include/ogdf/tree
install -m 0644 include/ogdf/tree/RadialTreeLayout.h /usr/local/ogdf/include/ogdf/tree
install -m 0644 include/ogdf/tree/LCA.h /usr/local/ogdf/include/ogdf/tree
install -m 0644 include/ogdf/tree/TreeLayout.h /usr/local/ogdf/include/ogdf/tree
install -d /usr/local/ogdf/include/ogdf/fileformats
install -m 0644 include/ogdf/fileformats/GexfParser.h /usr/local/ogdf/include/ogdf/fileformats
install -m 0644 include/ogdf/fileformats/Utils.h /usr/local/ogdf/include/ogdf/fileformats
install -m 0644 include/ogdf/fileformats/XmlParser.h /usr/local/ogdf/include/ogdf/fileformats
install -m 0644 include/ogdf/fileformats/DLParser.h /usr/local/ogdf/include/ogdf/fileformats
install -m 0644 include/ogdf/fileformats/GraphML.h /usr/local/ogdf/include/ogdf/fileformats
install -m 0644 include/ogdf/fileformats/UmlModelGraph.h /usr/local/ogdf/include/ogdf/fileformats
install -m 0644 include/ogdf/fileformats/GmlParser.h /usr/local/ogdf/include/ogdf/fileformats
install -m 0644 include/ogdf/fileformats/GEXF.h /usr/local/ogdf/include/ogdf/fileformats
install -m 0644 include/ogdf/fileformats/TlpParser.h /usr/local/ogdf/include/ogdf/fileformats
install -m 0644 include/ogdf/fileformats/TlpLexer.h /usr/local/ogdf/include/ogdf/fileformats
install -m 0644 include/ogdf/fileformats/Tlp.h /usr/local/ogdf/include/ogdf/fileformats
install -m 0644 include/ogdf/fileformats/Ogml.h /usr/local/ogdf/include/ogdf/fileformats
install -m 0644 include/ogdf/fileformats/GraphIO.h /usr/local/ogdf/include/ogdf/fileformats
install -m 0644 include/ogdf/fileformats/LineBuffer.h /usr/local/ogdf/include/ogdf/fileformats
install -m 0644 include/ogdf/fileformats/UmlDiagramGraph.h /usr/local/ogdf/include/ogdf/fileformats
install -m 0644 include/ogdf/fileformats/DotLexer.h /usr/local/ogdf/include/ogdf/fileformats
install -m 0644 include/ogdf/fileformats/GdfParser.h /usr/local/ogdf/include/ogdf/fileformats
install -m 0644 include/ogdf/fileformats/GraphMLParser.h /usr/local/ogdf/include/ogdf/fileformats
install -m 0644 include/ogdf/fileformats/DOT.h /usr/local/ogdf/include/ogdf/fileformats
install -m 0644 include/ogdf/fileformats/OgmlParser.h /usr/local/ogdf/include/ogdf/fileformats
install -m 0644 include/ogdf/fileformats/XmlScanner.h /usr/local/ogdf/include/ogdf/fileformats
install -m 0644 include/ogdf/fileformats/UmlToGraphConverter.h /usr/local/ogdf/include/ogdf/fileformats
install -m 0644 include/ogdf/fileformats/GDF.h /usr/local/ogdf/include/ogdf/fileformats
install -m 0644 include/ogdf/fileformats/DotParser.h /usr/local/ogdf/include/ogdf/fileformats
install -d /usr/local/ogdf/include/ogdf/augmentation
install -m 0644 include/ogdf/augmentation/PlanarAugmentationFix.h /usr/local/ogdf/include/ogdf/augmentation
install -m 0644 include/ogdf/augmentation/PlanarAugmentation.h /usr/local/ogdf/include/ogdf/augmentation
install -m 0644 include/ogdf/augmentation/DfsMakeBiconnected.h /usr/local/ogdf/include/ogdf/augmentation
install -d /usr/local/ogdf/include/ogdf/cluster
install -m 0644 include/ogdf/cluster/CPlanarSubClusteredGraph.h /usr/local/ogdf/include/ogdf/cluster
install -m 0644 include/ogdf/cluster/CconnectClusterPlanar.h /usr/local/ogdf/include/ogdf/cluster
install -m 0644 include/ogdf/cluster/ClusterOrthoShaper.h /usr/local/ogdf/include/ogdf/cluster
install -m 0644 include/ogdf/cluster/ClusterAnalysis.h /usr/local/ogdf/include/ogdf/cluster
install -m 0644 include/ogdf/cluster/ClusterPlanarizationLayout.h /usr/local/ogdf/include/ogdf/cluster
install -m 0644 include/ogdf/cluster/ClusterGraphCopyAttributes.h /usr/local/ogdf/include/ogdf/cluster
install -m 0644 include/ogdf/cluster/ClusterPlanRep.h /usr/local/ogdf/include/ogdf/cluster
install -m 0644 include/ogdf/cluster/ClusterArray.h /usr/local/ogdf/include/ogdf/cluster
install -m 0644 include/ogdf/cluster/CPlanarEdgeInserter.h /usr/local/ogdf/include/ogdf/cluster
install -m 0644 include/ogdf/cluster/ClusterOrthoLayout.h /usr/local/ogdf/include/ogdf/cluster
install -m 0644 include/ogdf/cluster/ClusterSet.h /usr/local/ogdf/include/ogdf/cluster
install -m 0644 include/ogdf/cluster/ClusterGraphObserver.h /usr/local/ogdf/include/ogdf/cluster
install -m 0644 include/ogdf/cluster/CconnectClusterPlanarEmbed.h /usr/local/ogdf/include/ogdf/cluster
install -m 0644 include/ogdf/cluster/ClusterGraph.h /usr/local/ogdf/include/ogdf/cluster
install -m 0644 include/ogdf/cluster/MaximumCPlanarSubgraph.h /usr/local/ogdf/include/ogdf/cluster
install -m 0644 include/ogdf/cluster/ClusterGraphAttributes.h /usr/local/ogdf/include/ogdf/cluster
install -d /usr/local/ogdf/include/ogdf/uml
install -m 0644 include/ogdf/uml/VariableEmbeddingInserterUML.h /usr/local/ogdf/include/ogdf/uml
install -m 0644 include/ogdf/uml/FixedEmbeddingInserterUML.h /usr/local/ogdf/include/ogdf/uml
install -m 0644 include/ogdf/uml/PlanarizationLayoutUML.h /usr/local/ogdf/include/ogdf/uml
install -m 0644 include/ogdf/uml/VariableEmbeddingInserterDynUML.h /usr/local/ogdf/include/ogdf/uml
install -m 0644 include/ogdf/uml/OrthoLayoutUML.h /usr/local/ogdf/include/ogdf/uml
install -m 0644 include/ogdf/uml/UMLGraph.h /usr/local/ogdf/include/ogdf/uml
install -m 0644 include/ogdf/uml/SubgraphPlanarizerUML.h /usr/local/ogdf/include/ogdf/uml
install -m 0644 include/ogdf/uml/PlanRepUML.h /usr/local/ogdf/include/ogdf/uml
install -d /usr/local/ogdf/include/ogdf/layered
install -m 0644 include/ogdf/layered/OptimalRanking.h /usr/local/ogdf/include/ogdf/layered
install -m 0644 include/ogdf/layered/HierarchyLevels.h /usr/local/ogdf/include/ogdf/layered
install -m 0644 include/ogdf/layered/DfsAcyclicSubgraph.h /usr/local/ogdf/include/ogdf/layered
install -m 0644 include/ogdf/layered/GreedyCycleRemoval.h /usr/local/ogdf/include/ogdf/layered
install -m 0644 include/ogdf/layered/FastSimpleHierarchyLayout.h /usr/local/ogdf/include/ogdf/layered
install -m 0644 include/ogdf/layered/GridSifting.h /usr/local/ogdf/include/ogdf/layered
install -m 0644 include/ogdf/layered/BarycenterHeuristic.h /usr/local/ogdf/include/ogdf/layered
install -m 0644 include/ogdf/layered/FastHierarchyLayout.h /usr/local/ogdf/include/ogdf/layered
install -m 0644 include/ogdf/layered/SiftingHeuristic.h /usr/local/ogdf/include/ogdf/layered
install -m 0644 include/ogdf/layered/Hierarchy.h /usr/local/ogdf/include/ogdf/layered
install -m 0644 include/ogdf/layered/CoffmanGrahamRanking.h /usr/local/ogdf/include/ogdf/layered
install -m 0644 include/ogdf/layered/ExtendedNestingGraph.h /usr/local/ogdf/include/ogdf/layered
install -m 0644 include/ogdf/layered/CrossingMinInterfaces.h /usr/local/ogdf/include/ogdf/layered
install -m 0644 include/ogdf/layered/SplitHeuristic.h /usr/local/ogdf/include/ogdf/layered
install -m 0644 include/ogdf/layered/Level.h /usr/local/ogdf/include/ogdf/layered
install -m 0644 include/ogdf/layered/MedianHeuristic.h /usr/local/ogdf/include/ogdf/layered
install -m 0644 include/ogdf/layered/BlockOrder.h /usr/local/ogdf/include/ogdf/layered
install -m 0644 include/ogdf/layered/LongestPathRanking.h /usr/local/ogdf/include/ogdf/layered
install -m 0644 include/ogdf/layered/OptimalHierarchyLayout.h /usr/local/ogdf/include/ogdf/layered
install -m 0644 include/ogdf/layered/CrossingsMatrix.h /usr/local/ogdf/include/ogdf/layered
install -m 0644 include/ogdf/layered/SugiyamaLayout.h /usr/local/ogdf/include/ogdf/layered
install -m 0644 include/ogdf/layered/GreedySwitchHeuristic.h /usr/local/ogdf/include/ogdf/layered
install -m 0644 include/ogdf/layered/GreedyInsertHeuristic.h /usr/local/ogdf/include/ogdf/layered
install -m 0644 include/ogdf/layered/OptimalHierarchyClusterLayout.h /usr/local/ogdf/include/ogdf/layered
install -d /usr/local/ogdf/include/ogdf/lpsolver
install -m 0644 include/ogdf/lpsolver/LPSolver.h /usr/local/ogdf/include/ogdf/lpsolver
install -d /usr/local/ogdf/include/ogdf/misclayout
install -m 0644 include/ogdf/misclayout/CircularLayout.h /usr/local/ogdf/include/ogdf/misclayout
install -m 0644 include/ogdf/misclayout/ProcrustesSubLayout.h /usr/local/ogdf/include/ogdf/misclayout
install -m 0644 include/ogdf/misclayout/BertaultLayout.h /usr/local/ogdf/include/ogdf/misclayout
install -m 0644 include/ogdf/misclayout/BalloonLayout.h /usr/local/ogdf/include/ogdf/misclayout
install -d /usr/local/ogdf/include/ogdf/module
install -m 0644 include/ogdf/module/ClustererModule.h /usr/local/ogdf/include/ogdf/module
install -m 0644 include/ogdf/module/AcyclicSubgraphModule.h /usr/local/ogdf/include/ogdf/module
install -m 0644 include/ogdf/module/MMCrossingMinimizationModule.h /usr/local/ogdf/include/ogdf/module
install -m 0644 include/ogdf/module/MinCostFlowModule.h /usr/local/ogdf/include/ogdf/module
install -m 0644 include/ogdf/module/HierarchyLayoutModule.h /usr/local/ogdf/include/ogdf/module
install -m 0644 include/ogdf/module/LayoutPlanRepUMLModule.h /usr/local/ogdf/include/ogdf/module
install -m 0644 include/ogdf/module/LayoutClusterPlanRepModule.h /usr/local/ogdf/include/ogdf/module
install -m 0644 include/ogdf/module/UpwardPlanarizerModule.h /usr/local/ogdf/include/ogdf/module
install -m 0644 include/ogdf/module/CPlanarSubgraphModule.h /usr/local/ogdf/include/ogdf/module
install -m 0644 include/ogdf/module/UMLCrossingMinimizationModule.h /usr/local/ogdf/include/ogdf/module
install -m 0644 include/ogdf/module/UpwardEdgeInserterModule.h /usr/local/ogdf/include/ogdf/module
install -m 0644 include/ogdf/module/MultilevelLayoutModule.h /usr/local/ogdf/include/ogdf/module
install -m 0644 include/ogdf/module/HierarchyClusterLayoutModule.h /usr/local/ogdf/include/ogdf/module
install -m 0644 include/ogdf/module/GridLayoutModule.h /usr/local/ogdf/include/ogdf/module
install -m 0644 include/ogdf/module/FUPSModule.h /usr/local/ogdf/include/ogdf/module
install -m 0644 include/ogdf/module/ShellingOrderModule.h /usr/local/ogdf/include/ogdf/module
install -m 0644 include/ogdf/module/MMEdgeInsertionModule.h /usr/local/ogdf/include/ogdf/module
install -m 0644 include/ogdf/module/UMLEdgeInsertionModule.h /usr/local/ogdf/include/ogdf/module
install -m 0644 include/ogdf/module/EmbedderModule.h /usr/local/ogdf/include/ogdf/module
install -m 0644 include/ogdf/module/LayoutPlanRepModule.h /usr/local/ogdf/include/ogdf/module
install -m 0644 include/ogdf/module/RankingModule.h /usr/local/ogdf/include/ogdf/module
install -m 0644 include/ogdf/module/ForceLayoutModule.h /usr/local/ogdf/include/ogdf/module
install -m 0644 include/ogdf/module/MixedModelCrossingsBeautifierModule.h /usr/local/ogdf/include/ogdf/module
install -m 0644 include/ogdf/module/ShortestPathModule.h /usr/local/ogdf/include/ogdf/module
install -m 0644 include/ogdf/module/UpwardPlanarSubgraphModule.h /usr/local/ogdf/include/ogdf/module
install -m 0644 include/ogdf/module/PlanarSubgraphModule.h /usr/local/ogdf/include/ogdf/module
install -m 0644 include/ogdf/module/UMLLayoutModule.h /usr/local/ogdf/include/ogdf/module
install -m 0644 include/ogdf/module/CrossingMinimizationModule.h /usr/local/ogdf/include/ogdf/module
install -m 0644 include/ogdf/module/CCLayoutPackModule.h /usr/local/ogdf/include/ogdf/module
install -m 0644 include/ogdf/module/LayoutModule.h /usr/local/ogdf/include/ogdf/module
install -m 0644 include/ogdf/module/AugmentationModule.h /usr/local/ogdf/include/ogdf/module
install -m 0644 include/ogdf/module/EdgeInsertionModule.h /usr/local/ogdf/include/ogdf/module
install -m 0644 include/ogdf/module/PlanarityModule.h /usr/local/ogdf/include/ogdf/module
install -m 0644 include/ogdf/module/LayerByLayerSweep.h /usr/local/ogdf/include/ogdf/module
install -m 0644 include/ogdf/module/LayeredCrossMinModule.h /usr/local/ogdf/include/ogdf/module
install -m 0644 include/ogdf/module/UPRLayoutModule.h /usr/local/ogdf/include/ogdf/module
install -d /usr/local/ogdf/include/ogdf/labeling
install -m 0644 include/ogdf/labeling/ELabelPosSimple.h /usr/local/ogdf/include/ogdf/labeling
install -m 0644 include/ogdf/labeling/ELabelInterface.h /usr/local/ogdf/include/ogdf/labeling
install -d /usr/local/ogdf/include/ogdf/hypergraph
install -m 0644 include/ogdf/hypergraph/HypergraphAttributes.h /usr/local/ogdf/include/ogdf/hypergraph
install -m 0644 include/ogdf/hypergraph/Hypergraph.h /usr/local/ogdf/include/ogdf/hypergraph
install -m 0644 include/ogdf/hypergraph/HypergraphLayoutModule.h /usr/local/ogdf/include/ogdf/hypergraph
install -m 0644 include/ogdf/hypergraph/HypergraphLayout.h /usr/local/ogdf/include/ogdf/hypergraph
install -m 0644 include/ogdf/hypergraph/HypergraphObserver.h /usr/local/ogdf/include/ogdf/hypergraph
install -m 0644 include/ogdf/hypergraph/EdgeStandardRep.h /usr/local/ogdf/include/ogdf/hypergraph
install -m 0644 include/ogdf/hypergraph/HypergraphArray.h /usr/local/ogdf/include/ogdf/hypergraph
install -d /usr/local/ogdf/include/ogdf/orthogonal
install -m 0644 include/ogdf/orthogonal/MinimumEdgeDistances.h /usr/local/ogdf/include/ogdf/orthogonal
install -m 0644 include/ogdf/orthogonal/CompactionConstraintGraph.h /usr/local/ogdf/include/ogdf/orthogonal
install -m 0644 include/ogdf/orthogonal/OrthoShaper.h /usr/local/ogdf/include/ogdf/orthogonal
install -m 0644 include/ogdf/orthogonal/OrthoRep.h /usr/local/ogdf/include/ogdf/orthogonal
install -m 0644 include/ogdf/orthogonal/LongestPathCompaction.h /usr/local/ogdf/include/ogdf/orthogonal
install -m 0644 include/ogdf/orthogonal/OrthoLayout.h /usr/local/ogdf/include/ogdf/orthogonal
install -m 0644 include/ogdf/orthogonal/FlowCompaction.h /usr/local/ogdf/include/ogdf/orthogonal
install -m 0644 include/ogdf/orthogonal/EdgeRouter.h /usr/local/ogdf/include/ogdf/orthogonal
install -d /usr/local/ogdf/include/ogdf/internal
install -d /usr/local/ogdf/include/ogdf/internal/augmentation
install -m 0644 include/ogdf/internal/augmentation/PALabel.h /usr/local/ogdf/include/ogdf/internal/augmentation
install -d /usr/local/ogdf/include/ogdf/internal/cluster
install -m 0644 include/ogdf/internal/cluster/ClusterPQContainer.h /usr/local/ogdf/include/ogdf/internal/cluster
install -m 0644 include/ogdf/internal/cluster/Cluster_CutConstraint.h /usr/local/ogdf/include/ogdf/internal/cluster
install -m 0644 include/ogdf/internal/cluster/KuratowskiConstraint.h /usr/local/ogdf/include/ogdf/internal/cluster
install -m 0644 include/ogdf/internal/cluster/MaxCPlanar_Master.h /usr/local/ogdf/include/ogdf/internal/cluster
install -m 0644 include/ogdf/internal/cluster/MaxCPlanar_MinimalClusterConnection.h /usr/local/ogdf/include/ogdf/internal/cluster
install -m 0644 include/ogdf/internal/cluster/MaxCPlanar_Sub.h /usr/local/ogdf/include/ogdf/internal/cluster
install -m 0644 include/ogdf/internal/cluster/Cluster_EdgeVar.h /usr/local/ogdf/include/ogdf/internal/cluster
install -m 0644 include/ogdf/internal/cluster/basics.h /usr/local/ogdf/include/ogdf/internal/cluster
install -m 0644 include/ogdf/internal/cluster/Cluster_MaxPlanarEdges.h /usr/local/ogdf/include/ogdf/internal/cluster
install -m 0644 include/ogdf/internal/cluster/CPlanarSubClusteredST.h /usr/local/ogdf/include/ogdf/internal/cluster
install -m 0644 include/ogdf/internal/cluster/Cluster_ChunkConnection.h /usr/local/ogdf/include/ogdf/internal/cluster
install -m 0644 include/ogdf/internal/version.h /usr/local/ogdf/include/ogdf/internal
install -d /usr/local/ogdf/include/ogdf/internal/lpsolver
install -m 0644 include/ogdf/internal/lpsolver/LPSolver_coin.h /usr/local/ogdf/include/ogdf/internal/lpsolver
install -d /usr/local/ogdf/include/ogdf/internal/orthogonal
install -m 0644 include/ogdf/internal/orthogonal/NodeInfo.h /usr/local/ogdf/include/ogdf/internal/orthogonal
install -m 0644 include/ogdf/internal/orthogonal/RoutingChannel.h /usr/local/ogdf/include/ogdf/internal/orthogonal
install -d /usr/local/ogdf/include/ogdf/internal/basic
install -m 0644 include/ogdf/internal/basic/config.h /usr/local/ogdf/include/ogdf/internal/basic
install -m 0644 include/ogdf/internal/basic/intrinsics.h /usr/local/ogdf/include/ogdf/internal/basic
install -m 0644 include/ogdf/internal/basic/MallocMemoryAllocator.h /usr/local/ogdf/include/ogdf/internal/basic
install -m 0644 include/ogdf/internal/basic/PoolMemoryAllocator.h /usr/local/ogdf/include/ogdf/internal/basic
install -m 0644 include/ogdf/internal/basic/list_templates.h /usr/local/ogdf/include/ogdf/internal/basic
install -d /usr/local/ogdf/include/ogdf/internal/steinertree
install -m 0644 include/ogdf/internal/steinertree/EdgeWeightedGraph.h /usr/local/ogdf/include/ogdf/internal/steinertree
install -d /usr/local/ogdf/include/ogdf/internal/energybased
install -m 0644 include/ogdf/internal/energybased/Repulsion.h /usr/local/ogdf/include/ogdf/internal/energybased
install -m 0644 include/ogdf/internal/energybased/Attraction.h /usr/local/ogdf/include/ogdf/internal/energybased
install -m 0644 include/ogdf/internal/energybased/IntersectionRectangle.h /usr/local/ogdf/include/ogdf/internal/energybased
install -m 0644 include/ogdf/internal/energybased/UniformGrid.h /usr/local/ogdf/include/ogdf/internal/energybased
install -m 0644 include/ogdf/internal/energybased/Overlap.h /usr/local/ogdf/include/ogdf/internal/energybased
install -m 0644 include/ogdf/internal/energybased/EnergyFunction.h /usr/local/ogdf/include/ogdf/internal/energybased
install -m 0644 include/ogdf/internal/energybased/ParticleInfo.h /usr/local/ogdf/include/ogdf/internal/energybased
install -m 0644 include/ogdf/internal/energybased/MultilevelGraph.h /usr/local/ogdf/include/ogdf/internal/energybased
install -m 0644 include/ogdf/internal/energybased/NMM.h /usr/local/ogdf/include/ogdf/internal/energybased
install -m 0644 include/ogdf/internal/energybased/QuadTreeNM.h /usr/local/ogdf/include/ogdf/internal/energybased
install -m 0644 include/ogdf/internal/energybased/NodePairEnergy.h /usr/local/ogdf/include/ogdf/internal/energybased
install -m 0644 include/ogdf/internal/energybased/PlanarityGrid.h /usr/local/ogdf/include/ogdf/internal/energybased
install -m 0644 include/ogdf/internal/energybased/EdgeAttributes.h /usr/local/ogdf/include/ogdf/internal/energybased
install -m 0644 include/ogdf/internal/energybased/Planarity.h /usr/local/ogdf/include/ogdf/internal/energybased
install -m 0644 include/ogdf/internal/energybased/NodeAttributes.h /usr/local/ogdf/include/ogdf/internal/energybased
install -m 0644 include/ogdf/internal/energybased/QuadTreeNodeNM.h /usr/local/ogdf/include/ogdf/internal/energybased
install -m 0644 include/ogdf/internal/energybased/FruchtermanReingold.h /usr/local/ogdf/include/ogdf/internal/energybased
install -m 0644 include/ogdf/internal/config_autogen.h /usr/local/ogdf/include/ogdf/internal
install -d /usr/local/ogdf/include/ogdf/internal/upward
install -m 0644 include/ogdf/internal/upward/UpwardPlanaritySingleSource.h /usr/local/ogdf/include/ogdf/internal/upward
install -m 0644 include/ogdf/internal/upward/UpwardPlanarityEmbeddedDigraph.h /usr/local/ogdf/include/ogdf/internal/upward
install -d /usr/local/ogdf/include/ogdf/internal/planarity
install -m 0644 include/ogdf/internal/planarity/EmbedPQTree.h /usr/local/ogdf/include/ogdf/internal/planarity
install -m 0644 include/ogdf/internal/planarity/FixEdgeInserterCore.h /usr/local/ogdf/include/ogdf/internal/planarity
install -m 0644 include/ogdf/internal/planarity/PlanarSubgraphPQTree.h /usr/local/ogdf/include/ogdf/internal/planarity
install -m 0644 include/ogdf/internal/planarity/PQLeaf.h /usr/local/ogdf/include/ogdf/internal/planarity
install -m 0644 include/ogdf/internal/planarity/PlanarPQTree.h /usr/local/ogdf/include/ogdf/internal/planarity
install -m 0644 include/ogdf/internal/planarity/MDMFLengthAttribute.h /usr/local/ogdf/include/ogdf/internal/planarity
install -m 0644 include/ogdf/internal/planarity/BoyerMyrvoldInit.h /usr/local/ogdf/include/ogdf/internal/planarity
install -m 0644 include/ogdf/internal/planarity/EmbedderMaxFaceBiconnectedGraphsLayers.h /usr/local/ogdf/include/ogdf/internal/planarity
install -m 0644 include/ogdf/internal/planarity/PlanarLeafKey.h /usr/local/ogdf/include/ogdf/internal/planarity
install -m 0644 include/ogdf/internal/planarity/BoyerMyrvoldPlanar.h /usr/local/ogdf/include/ogdf/internal/planarity
install -m 0644 include/ogdf/internal/planarity/VarEdgeInserterDynCore.h /usr/local/ogdf/include/ogdf/internal/planarity
install -m 0644 include/ogdf/internal/planarity/CliqueReplacer.h /usr/local/ogdf/include/ogdf/internal/planarity
install -m 0644 include/ogdf/internal/planarity/PQTree.h /usr/local/ogdf/include/ogdf/internal/planarity
install -m 0644 include/ogdf/internal/planarity/PQBasicKey.h /usr/local/ogdf/include/ogdf/internal/planarity
install -m 0644 include/ogdf/internal/planarity/PQNode.h /usr/local/ogdf/include/ogdf/internal/planarity
install -m 0644 include/ogdf/internal/planarity/PQNodeRoot.h /usr/local/ogdf/include/ogdf/internal/planarity
install -m 0644 include/ogdf/internal/planarity/PQInternalKey.h /usr/local/ogdf/include/ogdf/internal/planarity
install -m 0644 include/ogdf/internal/planarity/PQNodeKey.h /usr/local/ogdf/include/ogdf/internal/planarity
install -m 0644 include/ogdf/internal/planarity/FindKuratowskis.h /usr/local/ogdf/include/ogdf/internal/planarity
install -m 0644 include/ogdf/internal/planarity/CrossingStructure.h /usr/local/ogdf/include/ogdf/internal/planarity
install -m 0644 include/ogdf/internal/planarity/EmbedderMaxFaceBiconnectedGraphs.h /usr/local/ogdf/include/ogdf/internal/planarity
install -m 0644 include/ogdf/internal/planarity/IndInfo.h /usr/local/ogdf/include/ogdf/internal/planarity
install -m 0644 include/ogdf/internal/planarity/ConnectedSubgraph.h /usr/local/ogdf/include/ogdf/internal/planarity
install -m 0644 include/ogdf/internal/planarity/MaxSequencePQTree.h /usr/local/ogdf/include/ogdf/internal/planarity
install -m 0644 include/ogdf/internal/planarity/PQBasicKeyRoot.h /usr/local/ogdf/include/ogdf/internal/planarity
install -m 0644 include/ogdf/internal/planarity/PQInternalNode.h /usr/local/ogdf/include/ogdf/internal/planarity
install -m 0644 include/ogdf/internal/planarity/VarEdgeInserterCore.h /usr/local/ogdf/include/ogdf/internal/planarity
install -m 0644 include/ogdf/internal/planarity/PQLeafKey.h /usr/local/ogdf/include/ogdf/internal/planarity
install -m 0644 include/ogdf/internal/planarity/whaInfo.h /usr/local/ogdf/include/ogdf/internal/planarity
install -m 0644 include/ogdf/internal/planarity/EmbedIndicator.h /usr/local/ogdf/include/ogdf/internal/planarity
install -d /usr/local/ogdf/include/ogdf/simultaneous
install -m 0644 include/ogdf/simultaneous/TwoLayerCrossMinSimDraw.h /usr/local/ogdf/include/ogdf/simultaneous
install -m 0644 include/ogdf/simultaneous/SimDraw.h /usr/local/ogdf/include/ogdf/simultaneous
install -m 0644 include/ogdf/simultaneous/SimDrawColorizer.h /usr/local/ogdf/include/ogdf/simultaneous
install -m 0644 include/ogdf/simultaneous/SimDrawManipulatorModule.h /usr/local/ogdf/include/ogdf/simultaneous
install -m 0644 include/ogdf/simultaneous/SimDrawCreator.h /usr/local/ogdf/include/ogdf/simultaneous
install -m 0644 include/ogdf/simultaneous/SimDrawCaller.h /usr/local/ogdf/include/ogdf/simultaneous
install -m 0644 include/ogdf/simultaneous/SimDrawCreatorSimple.h /usr/local/ogdf/include/ogdf/simultaneous
install -d /usr/local/ogdf/include/ogdf/basic
install -m 0644 include/ogdf/basic/SubsetEnumerator.h /usr/local/ogdf/include/ogdf/basic
install -m 0644 include/ogdf/basic/EList.h /usr/local/ogdf/include/ogdf/basic
install -m 0644 include/ogdf/basic/MinHeap.h /usr/local/ogdf/include/ogdf/basic
install -m 0644 include/ogdf/basic/GraphCopy.h /usr/local/ogdf/include/ogdf/basic
install -m 0644 include/ogdf/basic/BoundedStack.h /usr/local/ogdf/include/ogdf/basic
install -m 0644 include/ogdf/basic/simple_graph_alg.h /usr/local/ogdf/include/ogdf/basic
install -m 0644 include/ogdf/basic/TopologyModule.h /usr/local/ogdf/include/ogdf/basic
install -m 0644 include/ogdf/basic/EdgeComparerSimple.h /usr/local/ogdf/include/ogdf/basic
install -m 0644 include/ogdf/basic/GraphObserver.h /usr/local/ogdf/include/ogdf/basic
install -m 0644 include/ogdf/basic/BinaryHeap2.h /usr/local/ogdf/include/ogdf/basic
install -m 0644 include/ogdf/basic/HashArray.h /usr/local/ogdf/include/ogdf/basic
install -m 0644 include/ogdf/basic/Skiplist.h /usr/local/ogdf/include/ogdf/basic
install -m 0644 include/ogdf/basic/HyperGraph.h /usr/local/ogdf/include/ogdf/basic
install -m 0644 include/ogdf/basic/Barrier.h /usr/local/ogdf/include/ogdf/basic
install -m 0644 include/ogdf/basic/NodeArray.h /usr/local/ogdf/include/ogdf/basic
install -m 0644 include/ogdf/basic/EdgeArray.h /usr/local/ogdf/include/ogdf/basic
install -m 0644 include/ogdf/basic/BoundedQueue.h /usr/local/ogdf/include/ogdf/basic
install -m 0644 include/ogdf/basic/Constraints.h /usr/local/ogdf/include/ogdf/basic
install -m 0644 include/ogdf/basic/exceptions.h /usr/local/ogdf/include/ogdf/basic
install -m 0644 include/ogdf/basic/EFreeList.h /usr/local/ogdf/include/ogdf/basic
install -m 0644 include/ogdf/basic/HeapBase.h /usr/local/ogdf/include/ogdf/basic
install -m 0644 include/ogdf/basic/tuples.h /usr/local/ogdf/include/ogdf/basic
install -m 0644 include/ogdf/basic/GraphList.h /usr/local/ogdf/include/ogdf/basic
install -m 0644 include/ogdf/basic/comparer.h /usr/local/ogdf/include/ogdf/basic
install -m 0644 include/ogdf/basic/BinaryHeap.h /usr/local/ogdf/include/ogdf/basic
install -m 0644 include/ogdf/basic/HashArray2D.h /usr/local/ogdf/include/ogdf/basic
install -m 0644 include/ogdf/basic/DualGraph.h /usr/local/ogdf/include/ogdf/basic
install -m 0644 include/ogdf/basic/Graph.h /usr/local/ogdf/include/ogdf/basic
install -m 0644 include/ogdf/basic/AdjacencyOracle.h /usr/local/ogdf/include/ogdf/basic
install -m 0644 include/ogdf/basic/graph_generators.h /usr/local/ogdf/include/ogdf/basic
install -m 0644 include/ogdf/basic/basic.h /usr/local/ogdf/include/ogdf/basic
install -m 0644 include/ogdf/basic/FaceSet.h /usr/local/ogdf/include/ogdf/basic
install -m 0644 include/ogdf/basic/List.h /usr/local/ogdf/include/ogdf/basic
install -m 0644 include/ogdf/basic/extended_graph_alg.h /usr/local/ogdf/include/ogdf/basic
install -m 0644 include/ogdf/basic/Layout.h /usr/local/ogdf/include/ogdf/basic
install -m 0644 include/ogdf/basic/Thread.h /usr/local/ogdf/include/ogdf/basic
install -m 0644 include/ogdf/basic/MinPriorityQueue.h /usr/local/ogdf/include/ogdf/basic
install -m 0644 include/ogdf/basic/FaceArray.h /usr/local/ogdf/include/ogdf/basic
install -m 0644 include/ogdf/basic/SList.h /usr/local/ogdf/include/ogdf/basic
install -m 0644 include/ogdf/basic/Timeouter.h /usr/local/ogdf/include/ogdf/basic
install -m 0644 include/ogdf/basic/NodeComparer.h /usr/local/ogdf/include/ogdf/basic
install -m 0644 include/ogdf/basic/Stopwatch.h /usr/local/ogdf/include/ogdf/basic
install -m 0644 include/ogdf/basic/Array.h /usr/local/ogdf/include/ogdf/basic
install -m 0644 include/ogdf/basic/Stack.h /usr/local/ogdf/include/ogdf/basic
install -m 0644 include/ogdf/basic/IncNodeInserter.h /usr/local/ogdf/include/ogdf/basic
install -m 0644 include/ogdf/basic/HashIterator2D.h /usr/local/ogdf/include/ogdf/basic
install -m 0644 include/ogdf/basic/ModuleOption.h /usr/local/ogdf/include/ogdf/basic
install -m 0644 include/ogdf/basic/CriticalSection.h /usr/local/ogdf/include/ogdf/basic
install -m 0644 include/ogdf/basic/Math.h /usr/local/ogdf/include/ogdf/basic
install -m 0644 include/ogdf/basic/memory.h /usr/local/ogdf/include/ogdf/basic
install -m 0644 include/ogdf/basic/PreprocessorLayout.h /usr/local/ogdf/include/ogdf/basic
install -m 0644 include/ogdf/basic/DisjointSets.h /usr/local/ogdf/include/ogdf/basic
install -m 0644 include/ogdf/basic/Hashing.h /usr/local/ogdf/include/ogdf/basic
install -m 0644 include/ogdf/basic/CombinatorialEmbedding.h /usr/local/ogdf/include/ogdf/basic
install -m 0644 include/ogdf/basic/System.h /usr/local/ogdf/include/ogdf/basic
install -m 0644 include/ogdf/basic/EdgeComparer.h /usr/local/ogdf/include/ogdf/basic
install -m 0644 include/ogdf/basic/graphics.h /usr/local/ogdf/include/ogdf/basic
install -m 0644 include/ogdf/basic/GridLayout.h /usr/local/ogdf/include/ogdf/basic
install -m 0644 include/ogdf/basic/Module.h /usr/local/ogdf/include/ogdf/basic
install -m 0644 include/ogdf/basic/ArrayBuffer.h /usr/local/ogdf/include/ogdf/basic
install -m 0644 include/ogdf/basic/GraphAttributes.h /usr/local/ogdf/include/ogdf/basic
install -m 0644 include/ogdf/basic/Logger.h /usr/local/ogdf/include/ogdf/basic
install -m 0644 include/ogdf/basic/Graph_d.h /usr/local/ogdf/include/ogdf/basic
install -m 0644 include/ogdf/basic/Array2D.h /usr/local/ogdf/include/ogdf/basic
install -m 0644 include/ogdf/basic/NodeSet.h /usr/local/ogdf/include/ogdf/basic
install -m 0644 include/ogdf/basic/NearestRectangleFinder.h /usr/local/ogdf/include/ogdf/basic
install -m 0644 include/ogdf/basic/GridLayoutMapped.h /usr/local/ogdf/include/ogdf/basic
install -m 0644 include/ogdf/basic/Queue.h /usr/local/ogdf/include/ogdf/basic
install -m 0644 include/ogdf/basic/LayoutStandards.h /usr/local/ogdf/include/ogdf/basic
install -m 0644 include/ogdf/basic/geometry.h /usr/local/ogdf/include/ogdf/basic
install -m 0644 include/ogdf/basic/GraphCopyAttributes.h /usr/local/ogdf/include/ogdf/basic
install -m 0644 include/ogdf/basic/AdjEntryArray.h /usr/local/ogdf/include/ogdf/basic
install -m 0644 include/ogdf/basic/precondition.h /usr/local/ogdf/include/ogdf/basic
install -d /usr/local/ogdf/include/ogdf/energybased
install -m 0644 include/ogdf/energybased/FastMultipoleEmbedder.h /usr/local/ogdf/include/ogdf/energybased
install -m 0644 include/ogdf/energybased/DavidsonHarel.h /usr/local/ogdf/include/ogdf/energybased
install -m 0644 include/ogdf/energybased/GEMLayout.h /usr/local/ogdf/include/ogdf/energybased
install -d /usr/local/ogdf/include/ogdf/energybased/multilevelmixer
install -m 0644 include/ogdf/energybased/multilevelmixer/RandomMerger.h /usr/local/ogdf/include/ogdf/energybased/multilevelmixer
install -m 0644 include/ogdf/energybased/multilevelmixer/RandomPlacer.h /usr/local/ogdf/include/ogdf/energybased/multilevelmixer
install -m 0644 include/ogdf/energybased/multilevelmixer/MatchingMerger.h /usr/local/ogdf/include/ogdf/energybased/multilevelmixer
install -m 0644 include/ogdf/energybased/multilevelmixer/ZeroPlacer.h /usr/local/ogdf/include/ogdf/energybased/multilevelmixer
install -m 0644 include/ogdf/energybased/multilevelmixer/MMMExampleFastLayout.h /usr/local/ogdf/include/ogdf/energybased/multilevelmixer
install -m 0644 include/ogdf/energybased/multilevelmixer/BarycenterPlacer.h /usr/local/ogdf/include/ogdf/energybased/multilevelmixer
install -m 0644 include/ogdf/energybased/multilevelmixer/LocalBiconnectedMerger.h /usr/local/ogdf/include/ogdf/energybased/multilevelmixer
install -m 0644 include/ogdf/energybased/multilevelmixer/IndependentSetMerger.h /usr/local/ogdf/include/ogdf/energybased/multilevelmixer
install -m 0644 include/ogdf/energybased/multilevelmixer/MedianPlacer.h /usr/local/ogdf/include/ogdf/energybased/multilevelmixer
install -m 0644 include/ogdf/energybased/multilevelmixer/MixedForceLayout.h /usr/local/ogdf/include/ogdf/energybased/multilevelmixer
install -m 0644 include/ogdf/energybased/multilevelmixer/MultilevelBuilder.h /usr/local/ogdf/include/ogdf/energybased/multilevelmixer
install -m 0644 include/ogdf/energybased/multilevelmixer/ModularMultilevelMixer.h /usr/local/ogdf/include/ogdf/energybased/multilevelmixer
install -m 0644 include/ogdf/energybased/multilevelmixer/MMMExampleNiceLayout.h /usr/local/ogdf/include/ogdf/energybased/multilevelmixer
install -m 0644 include/ogdf/energybased/multilevelmixer/CirclePlacer.h /usr/local/ogdf/include/ogdf/energybased/multilevelmixer
install -m 0644 include/ogdf/energybased/multilevelmixer/InitialPlacer.h /usr/local/ogdf/include/ogdf/energybased/multilevelmixer
install -m 0644 include/ogdf/energybased/multilevelmixer/ScalingLayout.h /usr/local/ogdf/include/ogdf/energybased/multilevelmixer
install -m 0644 include/ogdf/energybased/multilevelmixer/SolarPlacer.h /usr/local/ogdf/include/ogdf/energybased/multilevelmixer
install -m 0644 include/ogdf/energybased/multilevelmixer/MMMExampleNoTwistLayout.h /usr/local/ogdf/include/ogdf/energybased/multilevelmixer
install -m 0644 include/ogdf/energybased/multilevelmixer/SolarMerger.h /usr/local/ogdf/include/ogdf/energybased/multilevelmixer
install -m 0644 include/ogdf/energybased/multilevelmixer/EdgeCoverMerger.h /usr/local/ogdf/include/ogdf/energybased/multilevelmixer
install -m 0644 include/ogdf/energybased/PivotMDS.h /usr/local/ogdf/include/ogdf/energybased
install -m 0644 include/ogdf/energybased/MultilevelLayout.h /usr/local/ogdf/include/ogdf/energybased
install -m 0644 include/ogdf/energybased/SpringEmbedderKK.h /usr/local/ogdf/include/ogdf/energybased
install -m 0644 include/ogdf/energybased/SpringEmbedderFRExact.h /usr/local/ogdf/include/ogdf/energybased
install -m 0644 include/ogdf/energybased/FMMMLayout.h /usr/local/ogdf/include/ogdf/energybased
install -m 0644 include/ogdf/energybased/StressMinimization.h /usr/local/ogdf/include/ogdf/energybased
install -m 0644 include/ogdf/energybased/TutteLayout.h /usr/local/ogdf/include/ogdf/energybased
install -m 0644 include/ogdf/energybased/SpringEmbedderFR.h /usr/local/ogdf/include/ogdf/energybased
install -m 0644 include/ogdf/energybased/DavidsonHarelLayout.h /usr/local/ogdf/include/ogdf/energybased
install -d /usr/local/ogdf/include/ogdf/graphalg
install -m 0644 include/ogdf/graphalg/ShortestPathWithBFM.h /usr/local/ogdf/include/ogdf/graphalg
install -m 0644 include/ogdf/graphalg/CliqueFinder.h /usr/local/ogdf/include/ogdf/graphalg
install -m 0644 include/ogdf/graphalg/MinimumCut.h /usr/local/ogdf/include/ogdf/graphalg
install -m 0644 include/ogdf/graphalg/MinCostFlowReinelt.h /usr/local/ogdf/include/ogdf/graphalg
install -m 0644 include/ogdf/graphalg/ShortestPathAlgorithms.h /usr/local/ogdf/include/ogdf/graphalg
install -m 0644 include/ogdf/graphalg/Clusterer.h /usr/local/ogdf/include/ogdf/graphalg
install -m 0644 include/ogdf/graphalg/Dijkstra.h /usr/local/ogdf/include/ogdf/graphalg
install -m 0644 include/ogdf/graphalg/GraphReduction.h /usr/local/ogdf/include/ogdf/graphalg
install -m 0644 include/ogdf/graphalg/Voronoi.h /usr/local/ogdf/include/ogdf/graphalg
install -m 0644 include/ogdf/graphalg/ConvexHull.h /usr/local/ogdf/include/ogdf/graphalg
install -m 0644 include/ogdf/graphalg/PageRank.h /usr/local/ogdf/include/ogdf/graphalg
install -d /usr/local/ogdf/include/ogdf/upward
install -m 0644 include/ogdf/upward/ExpansionGraph.h /usr/local/ogdf/include/ogdf/upward
install -m 0644 include/ogdf/upward/FeasibleUpwardPlanarSubgraph.h /usr/local/ogdf/include/ogdf/upward
install -m 0644 include/ogdf/upward/UpwardPlanarizationLayout.h /usr/local/ogdf/include/ogdf/upward
install -m 0644 include/ogdf/upward/UpwardPlanRep.h /usr/local/ogdf/include/ogdf/upward
install -m 0644 include/ogdf/upward/UpwardPlanarSubgraphSimple.h /usr/local/ogdf/include/ogdf/upward
install -m 0644 include/ogdf/upward/FixedEmbeddingUpwardEdgeInserter.h /usr/local/ogdf/include/ogdf/upward
install -m 0644 include/ogdf/upward/FUPSSimple.h /usr/local/ogdf/include/ogdf/upward
install -m 0644 include/ogdf/upward/DominanceLayout.h /usr/local/ogdf/include/ogdf/upward
install -m 0644 include/ogdf/upward/VisibilityLayout.h /usr/local/ogdf/include/ogdf/upward
install -m 0644 include/ogdf/upward/SubgraphUpwardPlanarizer.h /usr/local/ogdf/include/ogdf/upward
install -m 0644 include/ogdf/upward/UpwardPlanarity.h /usr/local/ogdf/include/ogdf/upward
install -m 0644 include/ogdf/upward/FaceSinkGraph.h /usr/local/ogdf/include/ogdf/upward
install -m 0644 include/ogdf/upward/FixedUpwardEmbeddingInserter.h /usr/local/ogdf/include/ogdf/upward
install -m 0644 include/ogdf/upward/LayerBasedUPRLayout.h /usr/local/ogdf/include/ogdf/upward
install -d /usr/local/ogdf/include/ogdf/external
install -m 0644 include/ogdf/external/coin.h /usr/local/ogdf/include/ogdf/external
install -m 0644 include/ogdf/external/abacus.h /usr/local/ogdf/include/ogdf/external
install -d /usr/local/ogdf/include/ogdf/planarity
install -m 0644 include/ogdf/planarity/NonPlanarCore.h /usr/local/ogdf/include/ogdf/planarity
install -m 0644 include/ogdf/planarity/EmbedderMinDepthPiTa.h /usr/local/ogdf/include/ogdf/planarity
install -m 0644 include/ogdf/planarity/PlanarizationGridLayout.h /usr/local/ogdf/include/ogdf/planarity
install -m 0644 include/ogdf/planarity/BoyerMyrvold.h /usr/local/ogdf/include/ogdf/planarity
install -m 0644 include/ogdf/planarity/EdgeTypePatterns.h /usr/local/ogdf/include/ogdf/planarity
install -m 0644 include/ogdf/planarity/VariableEmbeddingInserterDyn.h /usr/local/ogdf/include/ogdf/planarity
install -m 0644 include/ogdf/planarity/PlanRep.h /usr/local/ogdf/include/ogdf/planarity
install -m 0644 include/ogdf/planarity/EmbedderMinDepthMaxFace.h /usr/local/ogdf/include/ogdf/planarity
install -m 0644 include/ogdf/planarity/EmbedderMinDepthMaxFaceLayers.h /usr/local/ogdf/include/ogdf/planarity
install -m 0644 include/ogdf/planarity/EmbedderMaxFaceLayers.h /usr/local/ogdf/include/ogdf/planarity
install -m 0644 include/ogdf/planarity/VariableEmbeddingInserter.h /usr/local/ogdf/include/ogdf/planarity
install -m 0644 include/ogdf/planarity/RemoveReinsertType.h /usr/local/ogdf/include/ogdf/planarity
install -m 0644 include/ogdf/planarity/BoothLueker.h /usr/local/ogdf/include/ogdf/planarity
install -m 0644 include/ogdf/planarity/PlanRepInc.h /usr/local/ogdf/include/ogdf/planarity
install -m 0644 include/ogdf/planarity/PlanRepLight.h /usr/local/ogdf/include/ogdf/planarity
install -m 0644 include/ogdf/planarity/SimpleIncNodeInserter.h /usr/local/ogdf/include/ogdf/planarity
install -m 0644 include/ogdf/planarity/FixedEmbeddingInserter.h /usr/local/ogdf/include/ogdf/planarity
install -m 0644 include/ogdf/planarity/KuratowskiSubdivision.h /usr/local/ogdf/include/ogdf/planarity
install -m 0644 include/ogdf/planarity/MultiEdgeApproxInserter.h /usr/local/ogdf/include/ogdf/planarity
install -m 0644 include/ogdf/planarity/FastPlanarSubgraph.h /usr/local/ogdf/include/ogdf/planarity
install -m 0644 include/ogdf/planarity/ExtractKuratowskis.h /usr/local/ogdf/include/ogdf/planarity
install -m 0644 include/ogdf/planarity/MMSubgraphPlanarizer.h /usr/local/ogdf/include/ogdf/planarity
install -m 0644 include/ogdf/planarity/MaximumPlanarSubgraph.h /usr/local/ogdf/include/ogdf/planarity
install -m 0644 include/ogdf/planarity/EmbedderMinDepth.h /usr/local/ogdf/include/ogdf/planarity
install -m 0644 include/ogdf/planarity/PlanRepExpansion.h /usr/local/ogdf/include/ogdf/planarity
install -m 0644 include/ogdf/planarity/MMVariableEmbeddingInserter.h /usr/local/ogdf/include/ogdf/planarity
install -m 0644 include/ogdf/planarity/SimpleEmbedder.h /usr/local/ogdf/include/ogdf/planarity
install -m 0644 include/ogdf/planarity/EmbedderOptimalFlexDraw.h /usr/local/ogdf/include/ogdf/planarity
install -m 0644 include/ogdf/planarity/PlanarizationLayout.h /usr/local/ogdf/include/ogdf/planarity
install -m 0644 include/ogdf/planarity/MMFixedEmbeddingInserter.h /usr/local/ogdf/include/ogdf/planarity
install -m 0644 include/ogdf/planarity/EmbedderMaxFace.h /usr/local/ogdf/include/ogdf/planarity
install -m 0644 include/ogdf/planarity/NodeTypePatterns.h /usr/local/ogdf/include/ogdf/planarity
install -m 0644 include/ogdf/planarity/MaximalPlanarSubgraphSimple.h /usr/local/ogdf/include/ogdf/planarity
install -m 0644 include/ogdf/planarity/SubgraphPlanarizer.h /usr/local/ogdf/include/ogdf/planarity
install -d /usr/local/ogdf/include/ogdf/abacus
install -m 0644 include/ogdf/abacus/conbranchrule.h /usr/local/ogdf/include/ogdf/abacus
install -m 0644 include/ogdf/abacus/srowcon.h /usr/local/ogdf/include/ogdf/abacus
install -m 0644 include/ogdf/abacus/poolslot.h /usr/local/ogdf/include/ogdf/abacus
install -m 0644 include/ogdf/abacus/pool.h /usr/local/ogdf/include/ogdf/abacus
install -m 0644 include/ogdf/abacus/lpsub.h /usr/local/ogdf/include/ogdf/abacus
install -m 0644 include/ogdf/abacus/vartype.h /usr/local/ogdf/include/ogdf/abacus
install -m 0644 include/ogdf/abacus/fsvarstat.h /usr/local/ogdf/include/ogdf/abacus
install -m 0644 include/ogdf/abacus/ring.h /usr/local/ogdf/include/ogdf/abacus
install -m 0644 include/ogdf/abacus/colvar.h /usr/local/ogdf/include/ogdf/abacus
install -m 0644 include/ogdf/abacus/slackstat.h /usr/local/ogdf/include/ogdf/abacus
install -m 0644 include/ogdf/abacus/bheap.h /usr/local/ogdf/include/ogdf/abacus
install -m 0644 include/ogdf/abacus/global.h /usr/local/ogdf/include/ogdf/abacus
install -m 0644 include/ogdf/abacus/lpmasterosi.h /usr/local/ogdf/include/ogdf/abacus
install -m 0644 include/ogdf/abacus/sub.h /usr/local/ogdf/include/ogdf/abacus
install -m 0644 include/ogdf/abacus/fixcand.h /usr/local/ogdf/include/ogdf/abacus
install -m 0644 include/ogdf/abacus/nonduplpool.h /usr/local/ogdf/include/ogdf/abacus
install -m 0644 include/ogdf/abacus/valbranchrule.h /usr/local/ogdf/include/ogdf/abacus
install -m 0644 include/ogdf/abacus/optsense.h /usr/local/ogdf/include/ogdf/abacus
install -m 0644 include/ogdf/abacus/sparvec.h /usr/local/ogdf/include/ogdf/abacus
install -m 0644 include/ogdf/abacus/tailoff.h /usr/local/ogdf/include/ogdf/abacus
install -m 0644 include/ogdf/abacus/rowcon.h /usr/local/ogdf/include/ogdf/abacus
install -m 0644 include/ogdf/abacus/osiif.h /usr/local/ogdf/include/ogdf/abacus
install -m 0644 include/ogdf/abacus/variable.h /usr/local/ogdf/include/ogdf/abacus
install -m 0644 include/ogdf/abacus/abacusroot.h /usr/local/ogdf/include/ogdf/abacus
install -m 0644 include/ogdf/abacus/osiinclude.h /usr/local/ogdf/include/ogdf/abacus
install -m 0644 include/ogdf/abacus/lpmaster.h /usr/local/ogdf/include/ogdf/abacus
install -m 0644 include/ogdf/abacus/active.h /usr/local/ogdf/include/ogdf/abacus
install -m 0644 include/ogdf/abacus/conclass.h /usr/local/ogdf/include/ogdf/abacus
install -m 0644 include/ogdf/abacus/infeascon.h /usr/local/ogdf/include/ogdf/abacus
install -m 0644 include/ogdf/abacus/boundbranchrule.h /usr/local/ogdf/include/ogdf/abacus
install -m 0644 include/ogdf/abacus/opensub.h /usr/local/ogdf/include/ogdf/abacus
install -m 0644 include/ogdf/abacus/history.h /usr/local/ogdf/include/ogdf/abacus
install -m 0644 include/ogdf/abacus/column.h /usr/local/ogdf/include/ogdf/abacus
install -m 0644 include/ogdf/abacus/constraint.h /usr/local/ogdf/include/ogdf/abacus
install -m 0644 include/ogdf/abacus/csense.h /usr/local/ogdf/include/ogdf/abacus
install -m 0644 include/ogdf/abacus/separator.h /usr/local/ogdf/include/ogdf/abacus
install -m 0644 include/ogdf/abacus/master.h /usr/local/ogdf/include/ogdf/abacus
install -m 0644 include/ogdf/abacus/numcon.h /usr/local/ogdf/include/ogdf/abacus
install -m 0644 include/ogdf/abacus/setbranchrule.h /usr/local/ogdf/include/ogdf/abacus
install -m 0644 include/ogdf/abacus/poolslotref.h /usr/local/ogdf/include/ogdf/abacus
install -m 0644 include/ogdf/abacus/cutbuffer.h /usr/local/ogdf/include/ogdf/abacus
install -m 0644 include/ogdf/abacus/lpsubosi.h /usr/local/ogdf/include/ogdf/abacus
install -m 0644 include/ogdf/abacus/numvar.h /usr/local/ogdf/include/ogdf/abacus
install -m 0644 include/ogdf/abacus/lpsolution.h /usr/local/ogdf/include/ogdf/abacus
install -m 0644 include/ogdf/abacus/bprioqueue.h /usr/local/ogdf/include/ogdf/abacus
install -m 0644 include/ogdf/abacus/branchrule.h /usr/local/ogdf/include/ogdf/abacus
install -m 0644 include/ogdf/abacus/hash.h /usr/local/ogdf/include/ogdf/abacus
install -m 0644 include/ogdf/abacus/convar.h /usr/local/ogdf/include/ogdf/abacus
install -m 0644 include/ogdf/abacus/standardpool.h /usr/local/ogdf/include/ogdf/abacus
install -m 0644 include/ogdf/abacus/lpvarstat.h /usr/local/ogdf/include/ogdf/abacus
install -m 0644 include/ogdf/abacus/lp.h /usr/local/ogdf/include/ogdf/abacus
install -m 0644 include/ogdf/abacus/row.h /usr/local/ogdf/include/ogdf/abacus
install -d /usr/local/ogdf/include/ogdf/decomposition
install -m 0644 include/ogdf/decomposition/PertinentGraph.h /usr/local/ogdf/include/ogdf/decomposition
install -m 0644 include/ogdf/decomposition/DynamicSPQRForest.h /usr/local/ogdf/include/ogdf/decomposition
install -m 0644 include/ogdf/decomposition/DynamicSPQRTree.h /usr/local/ogdf/include/ogdf/decomposition
install -m 0644 include/ogdf/decomposition/SPQRTree.h /usr/local/ogdf/include/ogdf/decomposition
install -m 0644 include/ogdf/decomposition/StaticPlanarSPQRTree.h /usr/local/ogdf/include/ogdf/decomposition
install -m 0644 include/ogdf/decomposition/StaticSPQRTree.h /usr/local/ogdf/include/ogdf/decomposition
install -m 0644 include/ogdf/decomposition/DynamicPlanarSPQRTree.h /usr/local/ogdf/include/ogdf/decomposition
install -m 0644 include/ogdf/decomposition/Skeleton.h /usr/local/ogdf/include/ogdf/decomposition
install -m 0644 include/ogdf/decomposition/BCTree.h /usr/local/ogdf/include/ogdf/decomposition
install -m 0644 include/ogdf/decomposition/StaticSkeleton.h /usr/local/ogdf/include/ogdf/decomposition
install -m 0644 include/ogdf/decomposition/DynamicBCTree.h /usr/local/ogdf/include/ogdf/decomposition
install -m 0644 include/ogdf/decomposition/PlanarSPQRTree.h /usr/local/ogdf/include/ogdf/decomposition
install -m 0644 include/ogdf/decomposition/DynamicSkeleton.h /usr/local/ogdf/include/ogdf/decomposition
install -d /usr/local/ogdf/include/ogdf/planarlayout
install -m 0644 include/ogdf/planarlayout/MMCBBase.h /usr/local/ogdf/include/ogdf/planarlayout
install -m 0644 include/ogdf/planarlayout/MMCBDoubleGrid.h /usr/local/ogdf/include/ogdf/planarlayout
install -m 0644 include/ogdf/planarlayout/ShellingOrder.h /usr/local/ogdf/include/ogdf/planarlayout
install -m 0644 include/ogdf/planarlayout/PlanarDrawLayout.h /usr/local/ogdf/include/ogdf/planarlayout
install -m 0644 include/ogdf/planarlayout/FPPLayout.h /usr/local/ogdf/include/ogdf/planarlayout
install -m 0644 include/ogdf/planarlayout/TriconnectedShellingOrder.h /usr/local/ogdf/include/ogdf/planarlayout
install -m 0644 include/ogdf/planarlayout/SchnyderLayout.h /usr/local/ogdf/include/ogdf/planarlayout
install -m 0644 include/ogdf/planarlayout/PlanarStraightLayout.h /usr/local/ogdf/include/ogdf/planarlayout
install -m 0644 include/ogdf/planarlayout/BiconnectedShellingOrder.h /usr/local/ogdf/include/ogdf/planarlayout
install -m 0644 include/ogdf/planarlayout/MMCBLocalStretch.h /usr/local/ogdf/include/ogdf/planarlayout
install -m 0644 include/ogdf/planarlayout/MixedModelLayout.h /usr/local/ogdf/include/ogdf/planarlayout
install -d /usr/local/ogdf/include/ogdf/packing
install -m 0644 include/ogdf/packing/ComponentSplitterLayout.h /usr/local/ogdf/include/ogdf/packing
install -m 0644 include/ogdf/packing/TileToRowsCCPacker.h /usr/local/ogdf/include/ogdf/packing
install -d /usr/local/ogdf/include/coin
install -m 0644 include/coin/CoinAlloc.hpp /usr/local/ogdf/include/coin
install -m 0644 include/coin/CglDuplicateRow.hpp /usr/local/ogdf/include/coin
install -m 0644 include/coin/ClpCholeskyWssmp.hpp /usr/local/ogdf/include/coin
install -m 0644 include/coin/ClpPrimalColumnPivot.hpp /usr/local/ogdf/include/coin
install -m 0644 include/coin/sym_macros.h /usr/local/ogdf/include/coin
install -m 0644 include/coin/CoinFactorization.hpp /usr/local/ogdf/include/coin
install -m 0644 include/coin/ClpPackedMatrix.hpp /usr/local/ogdf/include/coin
install -m 0644 include/coin/OsiRowCutDebugger.hpp /usr/local/ogdf/include/coin
install -m 0644 include/coin/OsiSolverParameters.hpp /usr/local/ogdf/include/coin
install -m 0644 include/coin/sym_master.h /usr/local/ogdf/include/coin
install -m 0644 include/coin/sym_cg_u.h /usr/local/ogdf/include/coin
install -m 0644 include/coin/sym_cp_u.h /usr/local/ogdf/include/coin
install -m 0644 include/coin/CoinDistance.hpp /usr/local/ogdf/include/coin
install -m 0644 include/coin/CoinParam.hpp /usr/local/ogdf/include/coin
install -m 0644 include/coin/ClpDynamicExampleMatrix.hpp /usr/local/ogdf/include/coin
install -m 0644 include/coin/sym_dg.h /usr/local/ogdf/include/coin
install -m 0644 include/coin/CoinUtility.hpp /usr/local/ogdf/include/coin
install -m 0644 include/coin/OsiSolverBranch.hpp /usr/local/ogdf/include/coin
install -m 0644 include/coin/MyMessageHandler.hpp /usr/local/ogdf/include/coin
install -m 0644 include/coin/ClpMessage.hpp /usr/local/ogdf/include/coin
install -m 0644 include/coin/sym_cp.h /usr/local/ogdf/include/coin
install -m 0644 include/coin/CoinStructuredModel.hpp /usr/local/ogdf/include/coin
install -m 0644 include/coin/ClpDummyMatrix.hpp /usr/local/ogdf/include/coin
install -m 0644 include/coin/CoinMpsIO.hpp /usr/local/ogdf/include/coin
install -m 0644 include/coin/CoinLpIO.hpp /usr/local/ogdf/include/coin
install -m 0644 include/coin/ClpEventHandler.hpp /usr/local/ogdf/include/coin
install -m 0644 include/coin/ClpConstraintQuadratic.hpp /usr/local/ogdf/include/coin
install -m 0644 include/coin/ClpSimplexPrimal.hpp /usr/local/ogdf/include/coin
install -m 0644 include/coin/CglLandPTabRow.hpp /usr/local/ogdf/include/coin
install -m 0644 include/coin/symphony.h /usr/local/ogdf/include/coin
install -m 0644 include/coin/OsiSymSolverParameters.hpp /usr/local/ogdf/include/coin
install -m 0644 include/coin/ClpCholeskyMumps.hpp /usr/local/ogdf/include/coin
install -m 0644 include/coin/CoinPresolveSubst.hpp /usr/local/ogdf/include/coin
install -m 0644 include/coin/OsiGrbSolverInterface.hpp /usr/local/ogdf/include/coin
install -m 0644 include/coin/sym_cg_params.h /usr/local/ogdf/include/coin
install -m 0644 include/coin/ClpSimplexDual.hpp /usr/local/ogdf/include/coin
install -m 0644 include/coin/CoinWarmStartVector.hpp /usr/local/ogdf/include/coin
install -m 0644 include/coin/ClpSimplexOther.hpp /usr/local/ogdf/include/coin
install -m 0644 include/coin/sym_lp_params.h /usr/local/ogdf/include/coin
install -m 0644 include/coin/CoinModel.hpp /usr/local/ogdf/include/coin
install -m 0644 include/coin/ClpSimplex.hpp /usr/local/ogdf/include/coin
install -m 0644 include/coin/CoinSnapshot.hpp /usr/local/ogdf/include/coin
install -m 0644 include/coin/config_cgl_default.h /usr/local/ogdf/include/coin
install -m 0644 include/coin/OsiCut.hpp /usr/local/ogdf/include/coin
install -m 0644 include/coin/config_sym_default.h /usr/local/ogdf/include/coin
install -m 0644 include/coin/config_coinutils_default.h /usr/local/ogdf/include/coin
install -m 0644 include/coin/ClpConstraint.hpp /usr/local/ogdf/include/coin
install -m 0644 include/coin/ClpNode.hpp /usr/local/ogdf/include/coin
install -m 0644 include/coin/ClpGubMatrix.hpp /usr/local/ogdf/include/coin
install -m 0644 include/coin/config.h /usr/local/ogdf/include/coin
install -m 0644 include/coin/CoinFileIO.hpp /usr/local/ogdf/include/coin
install -m 0644 include/coin/CoinPresolveDoubleton.hpp /usr/local/ogdf/include/coin
install -m 0644 include/coin/CglLandPMessages.hpp /usr/local/ogdf/include/coin
install -m 0644 include/coin/CglRedSplit.hpp /usr/local/ogdf/include/coin
install -m 0644 include/coin/CglResidualCapacity.hpp /usr/local/ogdf/include/coin
install -m 0644 include/coin/ClpDynamicMatrix.hpp /usr/local/ogdf/include/coin
install -m 0644 include/coin/CoinPresolveSingleton.hpp /usr/local/ogdf/include/coin
install -m 0644 include/coin/sym_qsort.h /usr/local/ogdf/include/coin
install -m 0644 include/coin/CoinIndexedVector.hpp /usr/local/ogdf/include/coin
install -m 0644 include/coin/CoinPresolveEmpty.hpp /usr/local/ogdf/include/coin
install -m 0644 include/coin/ClpFactorization.hpp /usr/local/ogdf/include/coin
install -m 0644 include/coin/ClpCholeskyWssmpKKT.hpp /usr/local/ogdf/include/coin
install -m 0644 include/coin/config_default.h /usr/local/ogdf/include/coin
install -m 0644 include/coin/CoinSearchTree.hpp /usr/local/ogdf/include/coin
install -m 0644 include/coin/CglGomory.hpp /usr/local/ogdf/include/coin
install -m 0644 include/coin/config_cgl.h /usr/local/ogdf/include/coin
install -m 0644 include/coin/CglLandP.hpp /usr/local/ogdf/include/coin
install -m 0644 include/coin/CglOddHole.hpp /usr/local/ogdf/include/coin
install -m 0644 include/coin/CoinTime.hpp /usr/local/ogdf/include/coin
install -m 0644 include/coin/sym_lp_solver.h /usr/local/ogdf/include/coin
install -m 0644 include/coin/CoinWarmStartBasis.hpp /usr/local/ogdf/include/coin
install -m 0644 include/coin/sym_dg_params.h /usr/local/ogdf/include/coin
install -m 0644 include/coin/ClpDualRowSteepest.hpp /usr/local/ogdf/include/coin
install -m 0644 include/coin/OsiCpxSolverInterface.hpp /usr/local/ogdf/include/coin
install -m 0644 include/coin/ClpPdcoBase.hpp /usr/local/ogdf/include/coin
install -m 0644 include/coin/CglParam.hpp /usr/local/ogdf/include/coin
install -m 0644 include/coin/OsiCollections.hpp /usr/local/ogdf/include/coin
install -m 0644 include/coin/ClpPdco.hpp /usr/local/ogdf/include/coin
install -m 0644 include/coin/CoinPackedVectorBase.hpp /usr/local/ogdf/include/coin
install -m 0644 include/coin/CoinOslFactorization.hpp /usr/local/ogdf/include/coin
install -m 0644 include/coin/CoinWarmStartPrimalDual.hpp /usr/local/ogdf/include/coin
install -m 0644 include/coin/CoinMessageHandler.hpp /usr/local/ogdf/include/coin
install -m 0644 include/coin/CoinDenseVector.hpp /usr/local/ogdf/include/coin
install -m 0644 include/coin/config_clp_default.h /usr/local/ogdf/include/coin
install -m 0644 include/coin/CglKnapsackCover.hpp /usr/local/ogdf/include/coin
install -m 0644 include/coin/ClpHelperFunctions.hpp /usr/local/ogdf/include/coin
install -m 0644 include/coin/sym_dg_u.h /usr/local/ogdf/include/coin
install -m 0644 include/coin/ClpCholeskyUfl.hpp /usr/local/ogdf/include/coin
install -m 0644 include/coin/sym_lp.h /usr/local/ogdf/include/coin
install -m 0644 include/coin/OsiBranchingObject.hpp /usr/local/ogdf/include/coin
install -m 0644 include/coin/sym_pack_array.h /usr/local/ogdf/include/coin
install -m 0644 include/coin/ClpLinearObjective.hpp /usr/local/ogdf/include/coin
install -m 0644 include/coin/OsiClpSolverInterface.hpp /usr/local/ogdf/include/coin
install -m 0644 include/coin/CglRedSplitParam.hpp /usr/local/ogdf/include/coin
install -m 0644 include/coin/SymConfig.h /usr/local/ogdf/include/coin
install -m 0644 include/coin/ClpPresolve.hpp /usr/local/ogdf/include/coin
install -m 0644 include/coin/CglLandPValidator.hpp /usr/local/ogdf/include/coin
install -m 0644 include/coin/ClpParameters.hpp /usr/local/ogdf/include/coin
install -m 0644 include/coin/CglClique.hpp /usr/local/ogdf/include/coin
install -m 0644 include/coin/CoinPresolveZeros.hpp /usr/local/ogdf/include/coin
install -m 0644 include/coin/ClpQuadraticObjective.hpp /usr/local/ogdf/include/coin
install -m 0644 include/coin/CoinBuild.hpp /usr/local/ogdf/include/coin
install -m 0644 include/coin/Idiot.hpp /usr/local/ogdf/include/coin
install -m 0644 include/coin/CglFlowCover.hpp /usr/local/ogdf/include/coin
install -m 0644 include/coin/sym_primal_heuristics.h /usr/local/ogdf/include/coin
install -m 0644 include/coin/CoinOslC.h /usr/local/ogdf/include/coin
install -m 0644 include/coin/sym_win32_time.h /usr/local/ogdf/include/coin
install -m 0644 include/coin/CoinPresolveTripleton.hpp /usr/local/ogdf/include/coin
install -m 0644 include/coin/CglProbing.hpp /usr/local/ogdf/include/coin
install -m 0644 include/coin/sym_prep.h /usr/local/ogdf/include/coin
install -m 0644 include/coin/ClpLsqr.hpp /usr/local/ogdf/include/coin
install -m 0644 include/coin/CoinFloatEqual.hpp /usr/local/ogdf/include/coin
install -m 0644 include/coin/ClpNetworkMatrix.hpp /usr/local/ogdf/include/coin
install -m 0644 include/coin/sym_constants.h /usr/local/ogdf/include/coin
install -m 0644 include/coin/sym_master_u.h /usr/local/ogdf/include/coin
install -m 0644 include/coin/CoinPackedVector.hpp /usr/local/ogdf/include/coin
install -m 0644 include/coin/ClpGubDynamicMatrix.hpp /usr/local/ogdf/include/coin
install -m 0644 include/coin/OsiPresolve.hpp /usr/local/ogdf/include/coin
install -m 0644 include/coin/CoinTypes.hpp /usr/local/ogdf/include/coin
install -m 0644 include/coin/CoinPresolveDual.hpp /usr/local/ogdf/include/coin
install -m 0644 include/coin/CoinSimpFactorization.hpp /usr/local/ogdf/include/coin
install -m 0644 include/coin/ClpPrimalColumnSteepest.hpp /usr/local/ogdf/include/coin
install -m 0644 include/coin/sym_proto.h /usr/local/ogdf/include/coin
install -m 0644 include/coin/CglPreProcess.hpp /usr/local/ogdf/include/coin
install -m 0644 include/coin/ClpConfig.h /usr/local/ogdf/include/coin
install -m 0644 include/coin/sym_timemeas.h /usr/local/ogdf/include/coin
install -m 0644 include/coin/sym_tm.h /usr/local/ogdf/include/coin
install -m 0644 include/coin/symphony_api.h /usr/local/ogdf/include/coin
install -m 0644 include/coin/CoinPresolveImpliedFree.hpp /usr/local/ogdf/include/coin
install -m 0644 include/coin/CglConfig.h /usr/local/ogdf/include/coin
install -m 0644 include/coin/CoinWarmStartDual.hpp /usr/local/ogdf/include/coin
install -m 0644 include/coin/OsiRowCut.hpp /usr/local/ogdf/include/coin
install -m 0644 include/coin/ClpInterior.hpp /usr/local/ogdf/include/coin
install -m 0644 include/coin/CoinPresolveDupcol.hpp /usr/local/ogdf/include/coin
install -m 0644 include/coin/CoinModelUseful.hpp /usr/local/ogdf/include/coin
install -m 0644 include/coin/CglAllDifferent.hpp /usr/local/ogdf/include/coin
install -m 0644 include/coin/sym_return_values.h /usr/local/ogdf/include/coin
install -m 0644 include/coin/CglMessage.hpp /usr/local/ogdf/include/coin
install -m 0644 include/coin/sym_types.h /usr/local/ogdf/include/coin
install -m 0644 include/coin/OsiAuxInfo.hpp /usr/local/ogdf/include/coin
install -m 0644 include/coin/CoinPackedMatrix.hpp /usr/local/ogdf/include/coin
install -m 0644 include/coin/CoinFinite.hpp /usr/local/ogdf/include/coin
install -m 0644 include/coin/ClpPredictorCorrector.hpp /usr/local/ogdf/include/coin
install -m 0644 include/coin/CoinUtilsConfig.h /usr/local/ogdf/include/coin
install -m 0644 include/coin/configall_system_msc.h /usr/local/ogdf/include/coin
install -m 0644 include/coin/OsiSymSolverInterface.hpp /usr/local/ogdf/include/coin
install -m 0644 include/coin/CglCutGenerator.hpp /usr/local/ogdf/include/coin
install -m 0644 include/coin/CglTreeInfo.hpp /usr/local/ogdf/include/coin
install -m 0644 include/coin/Coin_C_defines.h /usr/local/ogdf/include/coin
install -m 0644 include/coin/sym_tm_params.h /usr/local/ogdf/include/coin
install -m 0644 include/coin/CoinPresolveTighten.hpp /usr/local/ogdf/include/coin
install -m 0644 include/coin/MyEventHandler.hpp /usr/local/ogdf/include/coin
install -m 0644 include/coin/ClpObjective.hpp /usr/local/ogdf/include/coin
install -m 0644 include/coin/ClpMatrixBase.hpp /usr/local/ogdf/include/coin
install -m 0644 include/coin/sym_cp_params.h /usr/local/ogdf/include/coin
install -m 0644 include/coin/ClpPrimalColumnDantzig.hpp /usr/local/ogdf/include/coin
install -m 0644 include/coin/sym_pack_cut.h /usr/local/ogdf/include/coin
install -m 0644 include/coin/sym_master_params.h /usr/local/ogdf/include/coin
install -m 0644 include/coin/CoinSignal.hpp /usr/local/ogdf/include/coin
install -m 0644 include/coin/CoinSort.hpp /usr/local/ogdf/include/coin
install -m 0644 include/coin/CglLiftAndProject.hpp /usr/local/ogdf/include/coin
install -m 0644 include/coin/sym_messages.h /usr/local/ogdf/include/coin
install -m 0644 include/coin/OsiColCut.hpp /usr/local/ogdf/include/coin
install -m 0644 include/coin/CoinDenseFactorization.hpp /usr/local/ogdf/include/coin
install -m 0644 include/coin/ClpNonLinearCost.hpp /usr/local/ogdf/include/coin
install -m 0644 include/coin/ClpModel.hpp /usr/local/ogdf/include/coin
install -m 0644 include/coin/ClpConstraintLinear.hpp /usr/local/ogdf/include/coin
install -m 0644 include/coin/CoinError.hpp /usr/local/ogdf/include/coin
install -m 0644 include/coin/CoinWarmStart.hpp /usr/local/ogdf/include/coin
install -m 0644 include/coin/SymWarmStart.hpp /usr/local/ogdf/include/coin
install -m 0644 include/coin/configall_system.h /usr/local/ogdf/include/coin
install -m 0644 include/coin/CglMixedIntegerRounding2.hpp /usr/local/ogdf/include/coin
install -m 0644 include/coin/CoinShallowPackedVector.hpp /usr/local/ogdf/include/coin
install -m 0644 include/coin/CoinPragma.hpp /usr/local/ogdf/include/coin
install -m 0644 include/coin/ClpCholeskyDense.hpp /usr/local/ogdf/include/coin
install -m 0644 include/coin/ClpSimplexNonlinear.hpp /usr/local/ogdf/include/coin
install -m 0644 include/coin/OsiCuts.hpp /usr/local/ogdf/include/coin
install -m 0644 include/coin/CoinMessage.hpp /usr/local/ogdf/include/coin
install -m 0644 include/coin/CglLandPUtils.hpp /usr/local/ogdf/include/coin
install -m 0644 include/coin/CglLandPSimplex.hpp /usr/local/ogdf/include/coin
install -m 0644 include/coin/ClpSolve.hpp /usr/local/ogdf/include/coin
install -m 0644 include/coin/sym_prep_params.h /usr/local/ogdf/include/coin
install -m 0644 include/coin/CoinPresolveForcing.hpp /usr/local/ogdf/include/coin
install -m 0644 include/coin/CglStored.hpp /usr/local/ogdf/include/coin
install -m 0644 include/coin/CoinHelperFunctions.hpp /usr/local/ogdf/include/coin
install -m 0644 include/coin/CglSimpleRounding.hpp /usr/local/ogdf/include/coin
install -m 0644 include/coin/CglMixedIntegerRounding.hpp /usr/local/ogdf/include/coin
install -m 0644 include/coin/sym_proccomm.h /usr/local/ogdf/include/coin
install -m 0644 include/coin/CoinPresolveUseless.hpp /usr/local/ogdf/include/coin
install -m 0644 include/coin/ClpCholeskyTaucs.hpp /usr/local/ogdf/include/coin
install -m 0644 include/coin/OsiSolverInterface.hpp /usr/local/ogdf/include/coin
install -m 0644 include/coin/sym_lp_u.h /usr/local/ogdf/include/coin
install -m 0644 include/coin/ClpDualRowPivot.hpp /usr/local/ogdf/include/coin
install -m 0644 include/coin/ClpPrimalQuadraticDantzig.hpp /usr/local/ogdf/include/coin
install -m 0644 include/coin/ClpNetworkBasis.hpp /usr/local/ogdf/include/coin
install -m 0644 include/coin/CglTwomir.hpp /usr/local/ogdf/include/coin
install -m 0644 include/coin/CoinPresolveMatrix.hpp /usr/local/ogdf/include/coin
install -m 0644 include/coin/ClpPlusMinusOneMatrix.hpp /usr/local/ogdf/include/coin
install -m 0644 include/coin/CoinSmartPtr.hpp /usr/local/ogdf/include/coin
install -m 0644 include/coin/CoinPresolveIsolated.hpp /usr/local/ogdf/include/coin
install -m 0644 include/coin/ClpDualRowDantzig.hpp /usr/local/ogdf/include/coin
install -m 0644 include/coin/sym_cg.h /usr/local/ogdf/include/coin
install -m 0644 include/coin/CoinPresolvePsdebug.hpp /usr/local/ogdf/include/coin
install -m 0644 include/coin/CoinPresolveFixed.hpp /usr/local/ogdf/include/coin
install -m 0644 include/coin/OsiChooseVariable.hpp /usr/local/ogdf/include/coin
install -m 0644 include/coin/ClpCholeskyBase.hpp /usr/local/ogdf/include/coin
install -d /usr/local/ogdf/lib/pkgconfig
install -m 0644 ogdf.pc /usr/local/ogdf/lib/pkgconfig
